[INFO  - 2017-07-26T13:54:13.632Z] GhostDriver - Main - running on port 7315
[INFO  - 2017-07-26T13:54:14.471Z] Session [e8d5d750-7209-11e7-8fd9-cdd87e111b03] - page.settings - {"XSSAuditingEnabled":false,"javascriptCanCloseWindows":true,"javascriptCanOpenWindows":true,"javascriptEnabled":true,"loadImages":true,"localToRemoteUrlAccessEnabled":false,"userAgent":"Mozilla/5.0 (Windows NT 6.0) AppleWebKit/535.1 (KHTML, like Gecko) Chrome/13.0.782.41 Safari/535.1","webSecurityEnabled":true}
[INFO  - 2017-07-26T13:54:14.472Z] Session [e8d5d750-7209-11e7-8fd9-cdd87e111b03] - page.customHeaders:  - {}
[INFO  - 2017-07-26T13:54:14.472Z] Session [e8d5d750-7209-11e7-8fd9-cdd87e111b03] - Session.negotiatedCapabilities - {"browserName":"phantomjs","version":"2.1.1","driverName":"ghostdriver","driverVersion":"1.2.0","platform":"linux-unknown-64bit","javascriptEnabled":true,"takesScreenshot":true,"handlesAlerts":false,"databaseEnabled":false,"locationContextEnabled":false,"applicationCacheEnabled":false,"browserConnectionEnabled":false,"cssSelectorsEnabled":true,"webStorageEnabled":false,"rotatable":false,"acceptSslCerts":false,"nativeEvents":true,"proxy":{"proxyType":"direct"},"phantomjs.page.settings.userAgent":"Mozilla/5.0 (Windows NT 6.0) AppleWebKit/535.1 (KHTML, like Gecko) Chrome/13.0.782.41 Safari/535.1"}
[INFO  - 2017-07-26T13:54:14.472Z] SessionManagerReqHand - _postNewSessionCommand - New Session Created: e8d5d750-7209-11e7-8fd9-cdd87e111b03
[ERROR - 2017-07-26T13:54:32.202Z] WebElementLocator - _handleLocateCommand - Element(s) NOT Found: GAVE UP. Search Stop Time: 1501077272132
[ERROR - 2017-07-26T13:54:37.654Z] WebElementLocator - _handleLocateCommand - Element(s) NOT Found: GAVE UP. Search Stop Time: 1501077277641
[ERROR - 2017-07-26T13:54:41.161Z] WebElementLocator - _handleLocateCommand - Element(s) NOT Found: GAVE UP. Search Stop Time: 1501077281155
[ERROR - 2017-07-26T13:54:41.448Z] WebElementLocator - _handleLocateCommand - Element(s) NOT Found: GAVE UP. Search Stop Time: 1501077281443
[ERROR - 2017-07-26T13:54:42.010Z] WebElementLocator - _handleLocateCommand - Element(s) NOT Found: GAVE UP. Search Stop Time: 1501077282009
[ERROR - 2017-07-26T13:54:42.231Z] WebElementLocator - _handleLocateCommand - Element(s) NOT Found: GAVE UP. Search Stop Time: 1501077282230
[INFO  - 2017-07-26T13:54:59.325Z] ShutdownReqHand - _handle - About to shutdown
[INFO  - 2017-07-26T13:57:45.611Z] GhostDriver - Main - running on port 19790
[INFO  - 2017-07-26T13:57:46.098Z] Session [66f98f00-720a-11e7-bb9b-1d265bd81b4e] - page.settings - {"XSSAuditingEnabled":false,"javascriptCanCloseWindows":true,"javascriptCanOpenWindows":true,"javascriptEnabled":true,"loadImages":true,"localToRemoteUrlAccessEnabled":false,"userAgent":"Mozilla/5.0 (Windows NT 6.0) AppleWebKit/535.1 (KHTML, like Gecko) Chrome/13.0.782.41 Safari/535.1","webSecurityEnabled":true}
[INFO  - 2017-07-26T13:57:46.098Z] Session [66f98f00-720a-11e7-bb9b-1d265bd81b4e] - page.customHeaders:  - {}
[INFO  - 2017-07-26T13:57:46.099Z] Session [66f98f00-720a-11e7-bb9b-1d265bd81b4e] - Session.negotiatedCapabilities - {"browserName":"phantomjs","version":"2.1.1","driverName":"ghostdriver","driverVersion":"1.2.0","platform":"linux-unknown-64bit","javascriptEnabled":true,"takesScreenshot":true,"handlesAlerts":false,"databaseEnabled":false,"locationContextEnabled":false,"applicationCacheEnabled":false,"browserConnectionEnabled":false,"cssSelectorsEnabled":true,"webStorageEnabled":false,"rotatable":false,"acceptSslCerts":false,"nativeEvents":true,"proxy":{"proxyType":"direct"},"phantomjs.page.settings.userAgent":"Mozilla/5.0 (Windows NT 6.0) AppleWebKit/535.1 (KHTML, like Gecko) Chrome/13.0.782.41 Safari/535.1"}
[INFO  - 2017-07-26T13:57:46.099Z] SessionManagerReqHand - _postNewSessionCommand - New Session Created: 66f98f00-720a-11e7-bb9b-1d265bd81b4e
[ERROR - 2017-07-26T13:58:16.520Z] WebElementLocator - _handleLocateCommand - Element(s) NOT Found: GAVE UP. Search Stop Time: 1501077496482
[ERROR - 2017-07-26T13:58:20.981Z] WebElementLocator - _handleLocateCommand - Element(s) NOT Found: GAVE UP. Search Stop Time: 1501077500960
[ERROR - 2017-07-26T13:58:23.385Z] WebElementLocator - _handleLocateCommand - Element(s) NOT Found: GAVE UP. Search Stop Time: 1501077503380
[ERROR - 2017-07-26T13:58:23.942Z] WebElementLocator - _handleLocateCommand - Element(s) NOT Found: GAVE UP. Search Stop Time: 1501077503937
[ERROR - 2017-07-26T13:58:24.683Z] WebElementLocator - _handleLocateCommand - Element(s) NOT Found: GAVE UP. Search Stop Time: 1501077504681
[ERROR - 2017-07-26T13:58:25.225Z] WebElementLocator - _handleLocateCommand - Element(s) NOT Found: GAVE UP. Search Stop Time: 1501077505223
[INFO  - 2017-07-26T13:58:26.322Z] ShutdownReqHand - _handle - About to shutdown
[INFO  - 2017-07-26T14:10:13.760Z] GhostDriver - Main - running on port 3155
[INFO  - 2017-07-26T14:10:14.280Z] Session [24ed1260-720c-11e7-a780-9ffe28e0caf5] - page.settings - {"XSSAuditingEnabled":false,"javascriptCanCloseWindows":true,"javascriptCanOpenWindows":true,"javascriptEnabled":true,"loadImages":true,"localToRemoteUrlAccessEnabled":false,"userAgent":"Mozilla/5.0 (Windows NT 6.0) AppleWebKit/535.1 (KHTML, like Gecko) Chrome/13.0.782.41 Safari/535.1","webSecurityEnabled":true}
[INFO  - 2017-07-26T14:10:14.280Z] Session [24ed1260-720c-11e7-a780-9ffe28e0caf5] - page.customHeaders:  - {}
[INFO  - 2017-07-26T14:10:14.280Z] Session [24ed1260-720c-11e7-a780-9ffe28e0caf5] - Session.negotiatedCapabilities - {"browserName":"phantomjs","version":"2.1.1","driverName":"ghostdriver","driverVersion":"1.2.0","platform":"linux-unknown-64bit","javascriptEnabled":true,"takesScreenshot":true,"handlesAlerts":false,"databaseEnabled":false,"locationContextEnabled":false,"applicationCacheEnabled":false,"browserConnectionEnabled":false,"cssSelectorsEnabled":true,"webStorageEnabled":false,"rotatable":false,"acceptSslCerts":false,"nativeEvents":true,"proxy":{"proxyType":"direct"},"phantomjs.page.settings.userAgent":"Mozilla/5.0 (Windows NT 6.0) AppleWebKit/535.1 (KHTML, like Gecko) Chrome/13.0.782.41 Safari/535.1"}
[INFO  - 2017-07-26T14:10:14.280Z] SessionManagerReqHand - _postNewSessionCommand - New Session Created: 24ed1260-720c-11e7-a780-9ffe28e0caf5
[ERROR - 2017-07-26T14:10:45.548Z] WebElementLocator - _handleLocateCommand - Element(s) NOT Found: GAVE UP. Search Stop Time: 1501078245504
[ERROR - 2017-07-26T14:10:49.537Z] WebElementLocator - _handleLocateCommand - Element(s) NOT Found: GAVE UP. Search Stop Time: 1501078249492
[ERROR - 2017-07-26T14:10:50.962Z] WebElementLocator - _handleLocateCommand - Element(s) NOT Found: GAVE UP. Search Stop Time: 1501078250947
[ERROR - 2017-07-26T14:10:51.510Z] WebElementLocator - _handleLocateCommand - Element(s) NOT Found: GAVE UP. Search Stop Time: 1501078251506
[ERROR - 2017-07-26T14:10:52.262Z] WebElementLocator - _handleLocateCommand - Element(s) NOT Found: GAVE UP. Search Stop Time: 1501078252258
[ERROR - 2017-07-26T14:10:52.814Z] WebElementLocator - _handleLocateCommand - Element(s) NOT Found: GAVE UP. Search Stop Time: 1501078252813
[INFO  - 2017-07-26T14:10:54.003Z] ShutdownReqHand - _handle - About to shutdown
[INFO  - 2017-08-02T08:43:21.683Z] GhostDriver - Main - running on port 9709
[INFO  - 2017-08-02T08:43:22.532Z] Session [a447a780-775e-11e7-9511-091886188a8d] - page.settings - {"XSSAuditingEnabled":false,"javascriptCanCloseWindows":true,"javascriptCanOpenWindows":true,"javascriptEnabled":true,"loadImages":true,"localToRemoteUrlAccessEnabled":false,"userAgent":"Mozilla/5.0 (Windows NT 6.0) AppleWebKit/535.1 (KHTML, like Gecko) Chrome/13.0.782.41 Safari/535.1","webSecurityEnabled":true}
[INFO  - 2017-08-02T08:43:22.532Z] Session [a447a780-775e-11e7-9511-091886188a8d] - page.customHeaders:  - {}
[INFO  - 2017-08-02T08:43:22.533Z] Session [a447a780-775e-11e7-9511-091886188a8d] - Session.negotiatedCapabilities - {"browserName":"phantomjs","version":"2.1.1","driverName":"ghostdriver","driverVersion":"1.2.0","platform":"linux-unknown-64bit","javascriptEnabled":true,"takesScreenshot":true,"handlesAlerts":false,"databaseEnabled":false,"locationContextEnabled":false,"applicationCacheEnabled":false,"browserConnectionEnabled":false,"cssSelectorsEnabled":true,"webStorageEnabled":false,"rotatable":false,"acceptSslCerts":false,"nativeEvents":true,"proxy":{"proxyType":"direct"},"phantomjs.page.settings.userAgent":"Mozilla/5.0 (Windows NT 6.0) AppleWebKit/535.1 (KHTML, like Gecko) Chrome/13.0.782.41 Safari/535.1"}
[INFO  - 2017-08-02T08:43:22.533Z] SessionManagerReqHand - _postNewSessionCommand - New Session Created: a447a780-775e-11e7-9511-091886188a8d
[ERROR - 2017-08-02T08:43:37.005Z] WebElementLocator - _handleLocateCommand - Element(s) NOT Found: GAVE UP. Search Stop Time: 1501663416966
[ERROR - 2017-08-02T08:43:38.715Z] WebElementLocator - _handleLocateCommand - Element(s) NOT Found: GAVE UP. Search Stop Time: 1501663418685
[ERROR - 2017-08-02T08:43:43.421Z] WebElementLocator - _handleLocateCommand - Element(s) NOT Found: GAVE UP. Search Stop Time: 1501663423413
[ERROR - 2017-08-02T08:43:44.020Z] WebElementLocator - _handleLocateCommand - Element(s) NOT Found: GAVE UP. Search Stop Time: 1501663424013
[ERROR - 2017-08-02T08:43:44.672Z] WebElementLocator - _handleLocateCommand - Element(s) NOT Found: GAVE UP. Search Stop Time: 1501663424670
[ERROR - 2017-08-02T08:43:45.019Z] WebElementLocator - _handleLocateCommand - Element(s) NOT Found: GAVE UP. Search Stop Time: 1501663425017
[ERROR - 2017-08-02T08:43:45.536Z] WebElementLocator - _handleLocateCommand - Element(s) NOT Found: GAVE UP. Search Stop Time: 1501663425533
[ERROR - 2017-08-02T08:43:45.880Z] WebElementLocator - _handleLocateCommand - Element(s) NOT Found: GAVE UP. Search Stop Time: 1501663425877
[ERROR - 2017-08-02T08:43:46.387Z] WebElementLocator - _handleLocateCommand - Element(s) NOT Found: GAVE UP. Search Stop Time: 1501663426385
[ERROR - 2017-08-02T08:43:46.739Z] WebElementLocator - _handleLocateCommand - Element(s) NOT Found: GAVE UP. Search Stop Time: 1501663426737
[INFO  - 2017-08-02T08:43:47.378Z] ShutdownReqHand - _handle - About to shutdown
[INFO  - 2017-08-02T08:43:48.085Z] GhostDriver - Main - running on port 17796
[INFO  - 2017-08-02T08:43:48.352Z] Session [b3b1e1e0-775e-11e7-9bdb-3368238a8cd8] - page.settings - {"XSSAuditingEnabled":false,"javascriptCanCloseWindows":true,"javascriptCanOpenWindows":true,"javascriptEnabled":true,"loadImages":true,"localToRemoteUrlAccessEnabled":false,"userAgent":"Mozilla/5.0 (Windows NT 6.0) AppleWebKit/535.1 (KHTML, like Gecko) Chrome/13.0.782.41 Safari/535.1","webSecurityEnabled":true}
[INFO  - 2017-08-02T08:43:48.352Z] Session [b3b1e1e0-775e-11e7-9bdb-3368238a8cd8] - page.customHeaders:  - {}
[INFO  - 2017-08-02T08:43:48.353Z] Session [b3b1e1e0-775e-11e7-9bdb-3368238a8cd8] - Session.negotiatedCapabilities - {"browserName":"phantomjs","version":"2.1.1","driverName":"ghostdriver","driverVersion":"1.2.0","platform":"linux-unknown-64bit","javascriptEnabled":true,"takesScreenshot":true,"handlesAlerts":false,"databaseEnabled":false,"locationContextEnabled":false,"applicationCacheEnabled":false,"browserConnectionEnabled":false,"cssSelectorsEnabled":true,"webStorageEnabled":false,"rotatable":false,"acceptSslCerts":false,"nativeEvents":true,"proxy":{"proxyType":"direct"},"phantomjs.page.settings.userAgent":"Mozilla/5.0 (Windows NT 6.0) AppleWebKit/535.1 (KHTML, like Gecko) Chrome/13.0.782.41 Safari/535.1"}
[INFO  - 2017-08-02T08:43:48.353Z] SessionManagerReqHand - _postNewSessionCommand - New Session Created: b3b1e1e0-775e-11e7-9bdb-3368238a8cd8
[INFO  - 2017-08-02T08:49:06.658Z] GhostDriver - Main - running on port 3083
[INFO  - 2017-08-02T08:49:06.802Z] Session [718157f0-775f-11e7-a285-9560bbc288c0] - page.settings - {"XSSAuditingEnabled":false,"javascriptCanCloseWindows":true,"javascriptCanOpenWindows":true,"javascriptEnabled":true,"loadImages":true,"localToRemoteUrlAccessEnabled":false,"userAgent":"Mozilla/5.0 (Windows NT 6.0) AppleWebKit/535.1 (KHTML, like Gecko) Chrome/13.0.782.41 Safari/535.1","webSecurityEnabled":true}
[INFO  - 2017-08-02T08:49:06.803Z] Session [718157f0-775f-11e7-a285-9560bbc288c0] - page.customHeaders:  - {}
[INFO  - 2017-08-02T08:49:06.803Z] Session [718157f0-775f-11e7-a285-9560bbc288c0] - Session.negotiatedCapabilities - {"browserName":"phantomjs","version":"2.1.1","driverName":"ghostdriver","driverVersion":"1.2.0","platform":"linux-unknown-64bit","javascriptEnabled":true,"takesScreenshot":true,"handlesAlerts":false,"databaseEnabled":false,"locationContextEnabled":false,"applicationCacheEnabled":false,"browserConnectionEnabled":false,"cssSelectorsEnabled":true,"webStorageEnabled":false,"rotatable":false,"acceptSslCerts":false,"nativeEvents":true,"proxy":{"proxyType":"direct"},"phantomjs.page.settings.userAgent":"Mozilla/5.0 (Windows NT 6.0) AppleWebKit/535.1 (KHTML, like Gecko) Chrome/13.0.782.41 Safari/535.1"}
[INFO  - 2017-08-02T08:49:06.803Z] SessionManagerReqHand - _postNewSessionCommand - New Session Created: 718157f0-775f-11e7-a285-9560bbc288c0
[INFO  - 2017-08-02T08:50:17.800Z] GhostDriver - Main - running on port 1979
[INFO  - 2017-08-02T08:50:17.907Z] Session [9be31b00-775f-11e7-a348-e9f751cb49ad] - page.settings - {"XSSAuditingEnabled":false,"javascriptCanCloseWindows":true,"javascriptCanOpenWindows":true,"javascriptEnabled":true,"loadImages":true,"localToRemoteUrlAccessEnabled":false,"userAgent":"Mozilla/5.0 (Windows NT 6.0) AppleWebKit/535.1 (KHTML, like Gecko) Chrome/13.0.782.41 Safari/535.1","webSecurityEnabled":true}
[INFO  - 2017-08-02T08:50:17.907Z] Session [9be31b00-775f-11e7-a348-e9f751cb49ad] - page.customHeaders:  - {}
[INFO  - 2017-08-02T08:50:17.907Z] Session [9be31b00-775f-11e7-a348-e9f751cb49ad] - Session.negotiatedCapabilities - {"browserName":"phantomjs","version":"2.1.1","driverName":"ghostdriver","driverVersion":"1.2.0","platform":"linux-unknown-64bit","javascriptEnabled":true,"takesScreenshot":true,"handlesAlerts":false,"databaseEnabled":false,"locationContextEnabled":false,"applicationCacheEnabled":false,"browserConnectionEnabled":false,"cssSelectorsEnabled":true,"webStorageEnabled":false,"rotatable":false,"acceptSslCerts":false,"nativeEvents":true,"proxy":{"proxyType":"direct"},"phantomjs.page.settings.userAgent":"Mozilla/5.0 (Windows NT 6.0) AppleWebKit/535.1 (KHTML, like Gecko) Chrome/13.0.782.41 Safari/535.1"}
[INFO  - 2017-08-02T08:50:17.907Z] SessionManagerReqHand - _postNewSessionCommand - New Session Created: 9be31b00-775f-11e7-a348-e9f751cb49ad
[ERROR - 2017-08-02T08:50:27.372Z] WebElementLocator - _handleLocateCommand - Element(s) NOT Found: GAVE UP. Search Stop Time: 1501663827314
[ERROR - 2017-08-02T08:50:28.943Z] WebElementLocator - _handleLocateCommand - Element(s) NOT Found: GAVE UP. Search Stop Time: 1501663828909
[INFO  - 2017-08-02T08:51:44.625Z] GhostDriver - Main - running on port 23257
[INFO  - 2017-08-02T08:51:44.780Z] Session [cfaadf90-775f-11e7-8da9-37582661a72e] - page.settings - {"XSSAuditingEnabled":false,"javascriptCanCloseWindows":true,"javascriptCanOpenWindows":true,"javascriptEnabled":true,"loadImages":true,"localToRemoteUrlAccessEnabled":false,"userAgent":"Mozilla/5.0 (Windows NT 6.0) AppleWebKit/535.1 (KHTML, like Gecko) Chrome/13.0.782.41 Safari/535.1","webSecurityEnabled":true}
[INFO  - 2017-08-02T08:51:44.780Z] Session [cfaadf90-775f-11e7-8da9-37582661a72e] - page.customHeaders:  - {}
[INFO  - 2017-08-02T08:51:44.780Z] Session [cfaadf90-775f-11e7-8da9-37582661a72e] - Session.negotiatedCapabilities - {"browserName":"phantomjs","version":"2.1.1","driverName":"ghostdriver","driverVersion":"1.2.0","platform":"linux-unknown-64bit","javascriptEnabled":true,"takesScreenshot":true,"handlesAlerts":false,"databaseEnabled":false,"locationContextEnabled":false,"applicationCacheEnabled":false,"browserConnectionEnabled":false,"cssSelectorsEnabled":true,"webStorageEnabled":false,"rotatable":false,"acceptSslCerts":false,"nativeEvents":true,"proxy":{"proxyType":"direct"},"phantomjs.page.settings.userAgent":"Mozilla/5.0 (Windows NT 6.0) AppleWebKit/535.1 (KHTML, like Gecko) Chrome/13.0.782.41 Safari/535.1"}
[INFO  - 2017-08-02T08:51:44.780Z] SessionManagerReqHand - _postNewSessionCommand - New Session Created: cfaadf90-775f-11e7-8da9-37582661a72e
[INFO  - 2017-08-02T08:53:52.452Z] GhostDriver - Main - running on port 28953
[INFO  - 2017-08-02T08:53:52.609Z] Session [1bdc2ef0-7760-11e7-805e-97a432e31871] - page.settings - {"XSSAuditingEnabled":false,"javascriptCanCloseWindows":true,"javascriptCanOpenWindows":true,"javascriptEnabled":true,"loadImages":true,"localToRemoteUrlAccessEnabled":false,"userAgent":"Mozilla/5.0 (Windows NT 6.0) AppleWebKit/535.1 (KHTML, like Gecko) Chrome/13.0.782.41 Safari/535.1","webSecurityEnabled":true}
[INFO  - 2017-08-02T08:53:52.609Z] Session [1bdc2ef0-7760-11e7-805e-97a432e31871] - page.customHeaders:  - {}
[INFO  - 2017-08-02T08:53:52.609Z] Session [1bdc2ef0-7760-11e7-805e-97a432e31871] - Session.negotiatedCapabilities - {"browserName":"phantomjs","version":"2.1.1","driverName":"ghostdriver","driverVersion":"1.2.0","platform":"linux-unknown-64bit","javascriptEnabled":true,"takesScreenshot":true,"handlesAlerts":false,"databaseEnabled":false,"locationContextEnabled":false,"applicationCacheEnabled":false,"browserConnectionEnabled":false,"cssSelectorsEnabled":true,"webStorageEnabled":false,"rotatable":false,"acceptSslCerts":false,"nativeEvents":true,"proxy":{"proxyType":"direct"},"phantomjs.page.settings.userAgent":"Mozilla/5.0 (Windows NT 6.0) AppleWebKit/535.1 (KHTML, like Gecko) Chrome/13.0.782.41 Safari/535.1"}
[INFO  - 2017-08-02T08:53:52.610Z] SessionManagerReqHand - _postNewSessionCommand - New Session Created: 1bdc2ef0-7760-11e7-805e-97a432e31871
[ERROR - 2017-08-02T08:54:03.120Z] WebElementLocator - _handleLocateCommand - Element(s) NOT Found: GAVE UP. Search Stop Time: 1501664043081
[ERROR - 2017-08-02T08:54:04.719Z] WebElementLocator - _handleLocateCommand - Element(s) NOT Found: GAVE UP. Search Stop Time: 1501664044677
[ERROR - 2017-08-02T08:54:09.406Z] WebElementLocator - _handleLocateCommand - Element(s) NOT Found: GAVE UP. Search Stop Time: 1501664049401
[ERROR - 2017-08-02T08:54:09.914Z] WebElementLocator - _handleLocateCommand - Element(s) NOT Found: GAVE UP. Search Stop Time: 1501664049909
[ERROR - 2017-08-02T08:54:10.586Z] WebElementLocator - _handleLocateCommand - Element(s) NOT Found: GAVE UP. Search Stop Time: 1501664050584
[ERROR - 2017-08-02T08:54:10.997Z] WebElementLocator - _handleLocateCommand - Element(s) NOT Found: GAVE UP. Search Stop Time: 1501664050995
[ERROR - 2017-08-02T08:54:11.572Z] WebElementLocator - _handleLocateCommand - Element(s) NOT Found: GAVE UP. Search Stop Time: 1501664051569
[ERROR - 2017-08-02T08:54:11.987Z] WebElementLocator - _handleLocateCommand - Element(s) NOT Found: GAVE UP. Search Stop Time: 1501664051984
[ERROR - 2017-08-02T08:54:12.572Z] WebElementLocator - _handleLocateCommand - Element(s) NOT Found: GAVE UP. Search Stop Time: 1501664052569
[ERROR - 2017-08-02T08:54:12.987Z] WebElementLocator - _handleLocateCommand - Element(s) NOT Found: GAVE UP. Search Stop Time: 1501664052985
[INFO  - 2017-08-02T08:54:13.511Z] ShutdownReqHand - _handle - About to shutdown
[INFO  - 2017-08-02T08:54:13.659Z] GhostDriver - Main - running on port 19781
[INFO  - 2017-08-02T08:54:13.671Z] Session [2869fd50-7760-11e7-ae6c-37a91a705ad5] - page.settings - {"XSSAuditingEnabled":false,"javascriptCanCloseWindows":true,"javascriptCanOpenWindows":true,"javascriptEnabled":true,"loadImages":true,"localToRemoteUrlAccessEnabled":false,"userAgent":"Mozilla/5.0 (Windows NT 6.0) AppleWebKit/535.1 (KHTML, like Gecko) Chrome/13.0.782.41 Safari/535.1","webSecurityEnabled":true}
[INFO  - 2017-08-02T08:54:13.671Z] Session [2869fd50-7760-11e7-ae6c-37a91a705ad5] - page.customHeaders:  - {}
[INFO  - 2017-08-02T08:54:13.671Z] Session [2869fd50-7760-11e7-ae6c-37a91a705ad5] - Session.negotiatedCapabilities - {"browserName":"phantomjs","version":"2.1.1","driverName":"ghostdriver","driverVersion":"1.2.0","platform":"linux-unknown-64bit","javascriptEnabled":true,"takesScreenshot":true,"handlesAlerts":false,"databaseEnabled":false,"locationContextEnabled":false,"applicationCacheEnabled":false,"browserConnectionEnabled":false,"cssSelectorsEnabled":true,"webStorageEnabled":false,"rotatable":false,"acceptSslCerts":false,"nativeEvents":true,"proxy":{"proxyType":"direct"},"phantomjs.page.settings.userAgent":"Mozilla/5.0 (Windows NT 6.0) AppleWebKit/535.1 (KHTML, like Gecko) Chrome/13.0.782.41 Safari/535.1"}
[INFO  - 2017-08-02T08:54:13.671Z] SessionManagerReqHand - _postNewSessionCommand - New Session Created: 2869fd50-7760-11e7-ae6c-37a91a705ad5
[INFO  - 2017-08-02T08:56:52.533Z] GhostDriver - Main - running on port 31617
[INFO  - 2017-08-02T08:56:52.650Z] Session [872c4280-7760-11e7-b872-9da803c10ca0] - page.settings - {"XSSAuditingEnabled":false,"javascriptCanCloseWindows":true,"javascriptCanOpenWindows":true,"javascriptEnabled":true,"loadImages":true,"localToRemoteUrlAccessEnabled":false,"userAgent":"Mozilla/5.0 (Windows NT 6.0) AppleWebKit/535.1 (KHTML, like Gecko) Chrome/13.0.782.41 Safari/535.1","webSecurityEnabled":true}
[INFO  - 2017-08-02T08:56:52.650Z] Session [872c4280-7760-11e7-b872-9da803c10ca0] - page.customHeaders:  - {}
[INFO  - 2017-08-02T08:56:52.651Z] Session [872c4280-7760-11e7-b872-9da803c10ca0] - Session.negotiatedCapabilities - {"browserName":"phantomjs","version":"2.1.1","driverName":"ghostdriver","driverVersion":"1.2.0","platform":"linux-unknown-64bit","javascriptEnabled":true,"takesScreenshot":true,"handlesAlerts":false,"databaseEnabled":false,"locationContextEnabled":false,"applicationCacheEnabled":false,"browserConnectionEnabled":false,"cssSelectorsEnabled":true,"webStorageEnabled":false,"rotatable":false,"acceptSslCerts":false,"nativeEvents":true,"proxy":{"proxyType":"direct"},"phantomjs.page.settings.userAgent":"Mozilla/5.0 (Windows NT 6.0) AppleWebKit/535.1 (KHTML, like Gecko) Chrome/13.0.782.41 Safari/535.1"}
[INFO  - 2017-08-02T08:56:52.651Z] SessionManagerReqHand - _postNewSessionCommand - New Session Created: 872c4280-7760-11e7-b872-9da803c10ca0
[INFO  - 2017-08-02T09:00:34.252Z] GhostDriver - Main - running on port 4164
[INFO  - 2017-08-02T09:00:34.386Z] Session [0b5655f0-7761-11e7-8417-71ec81834714] - page.settings - {"XSSAuditingEnabled":false,"javascriptCanCloseWindows":true,"javascriptCanOpenWindows":true,"javascriptEnabled":true,"loadImages":true,"localToRemoteUrlAccessEnabled":false,"userAgent":"Mozilla/5.0 (Windows NT 6.0) AppleWebKit/535.1 (KHTML, like Gecko) Chrome/13.0.782.41 Safari/535.1","webSecurityEnabled":true}
[INFO  - 2017-08-02T09:00:34.386Z] Session [0b5655f0-7761-11e7-8417-71ec81834714] - page.customHeaders:  - {}
[INFO  - 2017-08-02T09:00:34.386Z] Session [0b5655f0-7761-11e7-8417-71ec81834714] - Session.negotiatedCapabilities - {"browserName":"phantomjs","version":"2.1.1","driverName":"ghostdriver","driverVersion":"1.2.0","platform":"linux-unknown-64bit","javascriptEnabled":true,"takesScreenshot":true,"handlesAlerts":false,"databaseEnabled":false,"locationContextEnabled":false,"applicationCacheEnabled":false,"browserConnectionEnabled":false,"cssSelectorsEnabled":true,"webStorageEnabled":false,"rotatable":false,"acceptSslCerts":false,"nativeEvents":true,"proxy":{"proxyType":"direct"},"phantomjs.page.settings.userAgent":"Mozilla/5.0 (Windows NT 6.0) AppleWebKit/535.1 (KHTML, like Gecko) Chrome/13.0.782.41 Safari/535.1"}
[INFO  - 2017-08-02T09:00:34.386Z] SessionManagerReqHand - _postNewSessionCommand - New Session Created: 0b5655f0-7761-11e7-8417-71ec81834714
[ERROR - 2017-08-02T09:00:44.582Z] WebElementLocator - _handleLocateCommand - Element(s) NOT Found: GAVE UP. Search Stop Time: 1501664444578
[ERROR - 2017-08-02T09:00:45.079Z] WebElementLocator - _handleLocateCommand - Element(s) NOT Found: GAVE UP. Search Stop Time: 1501664445078
[ERROR - 2017-08-02T09:00:45.527Z] WebElementLocator - _handleLocateCommand - Element(s) NOT Found: GAVE UP. Search Stop Time: 1501664445526
[ERROR - 2017-08-02T09:00:46.300Z] WebElementLocator - _handleLocateCommand - Element(s) NOT Found: GAVE UP. Search Stop Time: 1501664446298
[ERROR - 2017-08-02T09:00:46.859Z] WebElementLocator - _handleLocateCommand - Element(s) NOT Found: GAVE UP. Search Stop Time: 1501664446858
[ERROR - 2017-08-02T09:00:47.412Z] WebElementLocator - _handleLocateCommand - Element(s) NOT Found: GAVE UP. Search Stop Time: 1501664447410
[ERROR - 2017-08-02T09:00:47.960Z] WebElementLocator - _handleLocateCommand - Element(s) NOT Found: GAVE UP. Search Stop Time: 1501664447958
[ERROR - 2017-08-02T09:00:48.515Z] WebElementLocator - _handleLocateCommand - Element(s) NOT Found: GAVE UP. Search Stop Time: 1501664448513
[ERROR - 2017-08-02T09:00:56.642Z] WebElementLocator - _handleLocateCommand - Element(s) NOT Found: GAVE UP. Search Stop Time: 1501664456637
[ERROR - 2017-08-02T09:00:57.061Z] WebElementLocator - _handleLocateCommand - Element(s) NOT Found: GAVE UP. Search Stop Time: 1501664457054
[ERROR - 2017-08-02T09:00:57.575Z] WebElementLocator - _handleLocateCommand - Element(s) NOT Found: GAVE UP. Search Stop Time: 1501664457573
[ERROR - 2017-08-02T09:00:57.984Z] WebElementLocator - _handleLocateCommand - Element(s) NOT Found: GAVE UP. Search Stop Time: 1501664457981
[INFO  - 2017-08-02T09:01:02.560Z] ShutdownReqHand - _handle - About to shutdown
[INFO  - 2017-08-02T09:01:02.694Z] GhostDriver - Main - running on port 29051
[INFO  - 2017-08-02T09:01:02.759Z] Session [1c3f8f30-7761-11e7-974b-636ad2355772] - page.settings - {"XSSAuditingEnabled":false,"javascriptCanCloseWindows":true,"javascriptCanOpenWindows":true,"javascriptEnabled":true,"loadImages":true,"localToRemoteUrlAccessEnabled":false,"userAgent":"Mozilla/5.0 (Windows NT 6.0) AppleWebKit/535.1 (KHTML, like Gecko) Chrome/13.0.782.41 Safari/535.1","webSecurityEnabled":true}
[INFO  - 2017-08-02T09:01:02.759Z] Session [1c3f8f30-7761-11e7-974b-636ad2355772] - page.customHeaders:  - {}
[INFO  - 2017-08-02T09:01:02.759Z] Session [1c3f8f30-7761-11e7-974b-636ad2355772] - Session.negotiatedCapabilities - {"browserName":"phantomjs","version":"2.1.1","driverName":"ghostdriver","driverVersion":"1.2.0","platform":"linux-unknown-64bit","javascriptEnabled":true,"takesScreenshot":true,"handlesAlerts":false,"databaseEnabled":false,"locationContextEnabled":false,"applicationCacheEnabled":false,"browserConnectionEnabled":false,"cssSelectorsEnabled":true,"webStorageEnabled":false,"rotatable":false,"acceptSslCerts":false,"nativeEvents":true,"proxy":{"proxyType":"direct"},"phantomjs.page.settings.userAgent":"Mozilla/5.0 (Windows NT 6.0) AppleWebKit/535.1 (KHTML, like Gecko) Chrome/13.0.782.41 Safari/535.1"}
[INFO  - 2017-08-02T09:01:02.759Z] SessionManagerReqHand - _postNewSessionCommand - New Session Created: 1c3f8f30-7761-11e7-974b-636ad2355772
[ERROR - 2017-08-02T09:01:15.258Z] WebElementLocator - _handleLocateCommand - Element(s) NOT Found: GAVE UP. Search Stop Time: 1501664475253
[ERROR - 2017-08-02T09:01:15.358Z] WebElementLocator - _handleLocateCommand - Element(s) NOT Found: GAVE UP. Search Stop Time: 1501664475354
[ERROR - 2017-08-02T09:01:15.591Z] WebElementLocator - _handleLocateCommand - Element(s) NOT Found: GAVE UP. Search Stop Time: 1501664475589
[ERROR - 2017-08-02T09:01:15.666Z] WebElementLocator - _handleLocateCommand - Element(s) NOT Found: GAVE UP. Search Stop Time: 1501664475665
[ERROR - 2017-08-02T09:01:18.043Z] WebElementLocator - _handleLocateCommand - Element(s) NOT Found: GAVE UP. Search Stop Time: 1501664478001
[ERROR - 2017-08-02T09:01:20.193Z] WebElementLocator - _handleLocateCommand - Element(s) NOT Found: GAVE UP. Search Stop Time: 1501664480169
[INFO  - 2017-08-02T09:01:25.468Z] ShutdownReqHand - _handle - About to shutdown
[INFO  - 2017-08-02T09:01:25.565Z] GhostDriver - Main - running on port 19030
[INFO  - 2017-08-02T09:01:25.580Z] Session [29d9eb90-7761-11e7-a2f7-9578e8a12030] - page.settings - {"XSSAuditingEnabled":false,"javascriptCanCloseWindows":true,"javascriptCanOpenWindows":true,"javascriptEnabled":true,"loadImages":true,"localToRemoteUrlAccessEnabled":false,"userAgent":"Mozilla/5.0 (Windows NT 6.0) AppleWebKit/535.1 (KHTML, like Gecko) Chrome/13.0.782.41 Safari/535.1","webSecurityEnabled":true}
[INFO  - 2017-08-02T09:01:25.580Z] Session [29d9eb90-7761-11e7-a2f7-9578e8a12030] - page.customHeaders:  - {}
[INFO  - 2017-08-02T09:01:25.580Z] Session [29d9eb90-7761-11e7-a2f7-9578e8a12030] - Session.negotiatedCapabilities - {"browserName":"phantomjs","version":"2.1.1","driverName":"ghostdriver","driverVersion":"1.2.0","platform":"linux-unknown-64bit","javascriptEnabled":true,"takesScreenshot":true,"handlesAlerts":false,"databaseEnabled":false,"locationContextEnabled":false,"applicationCacheEnabled":false,"browserConnectionEnabled":false,"cssSelectorsEnabled":true,"webStorageEnabled":false,"rotatable":false,"acceptSslCerts":false,"nativeEvents":true,"proxy":{"proxyType":"direct"},"phantomjs.page.settings.userAgent":"Mozilla/5.0 (Windows NT 6.0) AppleWebKit/535.1 (KHTML, like Gecko) Chrome/13.0.782.41 Safari/535.1"}
[INFO  - 2017-08-02T09:01:25.580Z] SessionManagerReqHand - _postNewSessionCommand - New Session Created: 29d9eb90-7761-11e7-a2f7-9578e8a12030
[ERROR - 2017-08-02T09:01:35.966Z] WebElementLocator - _handleLocateCommand - Element(s) NOT Found: GAVE UP. Search Stop Time: 1501664495961
[ERROR - 2017-08-02T09:01:36.060Z] WebElementLocator - _handleLocateCommand - Element(s) NOT Found: GAVE UP. Search Stop Time: 1501664496056
[ERROR - 2017-08-02T09:01:36.254Z] WebElementLocator - _handleLocateCommand - Element(s) NOT Found: GAVE UP. Search Stop Time: 1501664496253
[ERROR - 2017-08-02T09:01:36.336Z] WebElementLocator - _handleLocateCommand - Element(s) NOT Found: GAVE UP. Search Stop Time: 1501664496334
[ERROR - 2017-08-02T09:01:40.806Z] WebElementLocator - _handleLocateCommand - Element(s) NOT Found: GAVE UP. Search Stop Time: 1501664500765
[ERROR - 2017-08-02T09:01:43.128Z] WebElementLocator - _handleLocateCommand - Element(s) NOT Found: GAVE UP. Search Stop Time: 1501664503086
[INFO  - 2017-08-02T09:01:51.344Z] ShutdownReqHand - _handle - About to shutdown
[INFO  - 2017-08-02T09:01:51.442Z] GhostDriver - Main - running on port 9119
[INFO  - 2017-08-02T09:01:51.456Z] Session [394648d0-7761-11e7-94ad-3f3b9bb9e079] - page.settings - {"XSSAuditingEnabled":false,"javascriptCanCloseWindows":true,"javascriptCanOpenWindows":true,"javascriptEnabled":true,"loadImages":true,"localToRemoteUrlAccessEnabled":false,"userAgent":"Mozilla/5.0 (Windows NT 6.0) AppleWebKit/535.1 (KHTML, like Gecko) Chrome/13.0.782.41 Safari/535.1","webSecurityEnabled":true}
[INFO  - 2017-08-02T09:01:51.456Z] Session [394648d0-7761-11e7-94ad-3f3b9bb9e079] - page.customHeaders:  - {}
[INFO  - 2017-08-02T09:01:51.456Z] Session [394648d0-7761-11e7-94ad-3f3b9bb9e079] - Session.negotiatedCapabilities - {"browserName":"phantomjs","version":"2.1.1","driverName":"ghostdriver","driverVersion":"1.2.0","platform":"linux-unknown-64bit","javascriptEnabled":true,"takesScreenshot":true,"handlesAlerts":false,"databaseEnabled":false,"locationContextEnabled":false,"applicationCacheEnabled":false,"browserConnectionEnabled":false,"cssSelectorsEnabled":true,"webStorageEnabled":false,"rotatable":false,"acceptSslCerts":false,"nativeEvents":true,"proxy":{"proxyType":"direct"},"phantomjs.page.settings.userAgent":"Mozilla/5.0 (Windows NT 6.0) AppleWebKit/535.1 (KHTML, like Gecko) Chrome/13.0.782.41 Safari/535.1"}
[INFO  - 2017-08-02T09:01:51.456Z] SessionManagerReqHand - _postNewSessionCommand - New Session Created: 394648d0-7761-11e7-94ad-3f3b9bb9e079
[INFO  - 2017-08-02T09:04:52.529Z] GhostDriver - Main - running on port 16655
[INFO  - 2017-08-02T09:04:52.628Z] Session [a5431720-7761-11e7-8df4-e3be6158be99] - page.settings - {"XSSAuditingEnabled":false,"javascriptCanCloseWindows":true,"javascriptCanOpenWindows":true,"javascriptEnabled":true,"loadImages":true,"localToRemoteUrlAccessEnabled":false,"userAgent":"Mozilla/5.0 (Windows NT 6.0) AppleWebKit/535.1 (KHTML, like Gecko) Chrome/13.0.782.41 Safari/535.1","webSecurityEnabled":true}
[INFO  - 2017-08-02T09:04:52.628Z] Session [a5431720-7761-11e7-8df4-e3be6158be99] - page.customHeaders:  - {}
[INFO  - 2017-08-02T09:04:52.628Z] Session [a5431720-7761-11e7-8df4-e3be6158be99] - Session.negotiatedCapabilities - {"browserName":"phantomjs","version":"2.1.1","driverName":"ghostdriver","driverVersion":"1.2.0","platform":"linux-unknown-64bit","javascriptEnabled":true,"takesScreenshot":true,"handlesAlerts":false,"databaseEnabled":false,"locationContextEnabled":false,"applicationCacheEnabled":false,"browserConnectionEnabled":false,"cssSelectorsEnabled":true,"webStorageEnabled":false,"rotatable":false,"acceptSslCerts":false,"nativeEvents":true,"proxy":{"proxyType":"direct"},"phantomjs.page.settings.userAgent":"Mozilla/5.0 (Windows NT 6.0) AppleWebKit/535.1 (KHTML, like Gecko) Chrome/13.0.782.41 Safari/535.1"}
[INFO  - 2017-08-02T09:04:52.628Z] SessionManagerReqHand - _postNewSessionCommand - New Session Created: a5431720-7761-11e7-8df4-e3be6158be99
[ERROR - 2017-08-02T09:05:01.658Z] WebElementLocator - _handleLocateCommand - Element(s) NOT Found: GAVE UP. Search Stop Time: 1501664701654
[ERROR - 2017-08-02T09:05:02.127Z] WebElementLocator - _handleLocateCommand - Element(s) NOT Found: GAVE UP. Search Stop Time: 1501664702126
[ERROR - 2017-08-02T09:05:03.355Z] WebElementLocator - _handleLocateCommand - Element(s) NOT Found: GAVE UP. Search Stop Time: 1501664703354
[ERROR - 2017-08-02T09:05:03.855Z] WebElementLocator - _handleLocateCommand - Element(s) NOT Found: GAVE UP. Search Stop Time: 1501664703854
[ERROR - 2017-08-02T09:05:04.283Z] WebElementLocator - _handleLocateCommand - Element(s) NOT Found: GAVE UP. Search Stop Time: 1501664704281
[ERROR - 2017-08-02T09:05:04.707Z] WebElementLocator - _handleLocateCommand - Element(s) NOT Found: GAVE UP. Search Stop Time: 1501664704706
[ERROR - 2017-08-02T09:05:05.136Z] WebElementLocator - _handleLocateCommand - Element(s) NOT Found: GAVE UP. Search Stop Time: 1501664705133
[ERROR - 2017-08-02T09:05:05.700Z] WebElementLocator - _handleLocateCommand - Element(s) NOT Found: GAVE UP. Search Stop Time: 1501664705698
[ERROR - 2017-08-02T09:05:08.227Z] WebElementLocator - _handleLocateCommand - Element(s) NOT Found: GAVE UP. Search Stop Time: 1501664708221
[ERROR - 2017-08-02T09:05:08.507Z] WebElementLocator - _handleLocateCommand - Element(s) NOT Found: GAVE UP. Search Stop Time: 1501664708502
[ERROR - 2017-08-02T09:05:08.908Z] WebElementLocator - _handleLocateCommand - Element(s) NOT Found: GAVE UP. Search Stop Time: 1501664708905
[ERROR - 2017-08-02T09:05:09.177Z] WebElementLocator - _handleLocateCommand - Element(s) NOT Found: GAVE UP. Search Stop Time: 1501664709175
[INFO  - 2017-08-02T09:05:19.997Z] ShutdownReqHand - _handle - About to shutdown
[INFO  - 2017-08-02T09:05:20.095Z] GhostDriver - Main - running on port 18307
[INFO  - 2017-08-02T09:05:20.109Z] Session [b5a45bb0-7761-11e7-8eec-038f5d0ae6ba] - page.settings - {"XSSAuditingEnabled":false,"javascriptCanCloseWindows":true,"javascriptCanOpenWindows":true,"javascriptEnabled":true,"loadImages":true,"localToRemoteUrlAccessEnabled":false,"userAgent":"Mozilla/5.0 (Windows NT 6.0) AppleWebKit/535.1 (KHTML, like Gecko) Chrome/13.0.782.41 Safari/535.1","webSecurityEnabled":true}
[INFO  - 2017-08-02T09:05:20.109Z] Session [b5a45bb0-7761-11e7-8eec-038f5d0ae6ba] - page.customHeaders:  - {}
[INFO  - 2017-08-02T09:05:20.109Z] Session [b5a45bb0-7761-11e7-8eec-038f5d0ae6ba] - Session.negotiatedCapabilities - {"browserName":"phantomjs","version":"2.1.1","driverName":"ghostdriver","driverVersion":"1.2.0","platform":"linux-unknown-64bit","javascriptEnabled":true,"takesScreenshot":true,"handlesAlerts":false,"databaseEnabled":false,"locationContextEnabled":false,"applicationCacheEnabled":false,"browserConnectionEnabled":false,"cssSelectorsEnabled":true,"webStorageEnabled":false,"rotatable":false,"acceptSslCerts":false,"nativeEvents":true,"proxy":{"proxyType":"direct"},"phantomjs.page.settings.userAgent":"Mozilla/5.0 (Windows NT 6.0) AppleWebKit/535.1 (KHTML, like Gecko) Chrome/13.0.782.41 Safari/535.1"}
[INFO  - 2017-08-02T09:05:20.109Z] SessionManagerReqHand - _postNewSessionCommand - New Session Created: b5a45bb0-7761-11e7-8eec-038f5d0ae6ba
[ERROR - 2017-08-02T09:05:35.897Z] WebElementLocator - _handleLocateCommand - Element(s) NOT Found: GAVE UP. Search Stop Time: 1501664735849
[ERROR - 2017-08-02T09:05:38.264Z] WebElementLocator - _handleLocateCommand - Element(s) NOT Found: GAVE UP. Search Stop Time: 1501664738245
[ERROR - 2017-08-02T09:05:44.688Z] WebElementLocator - _handleLocateCommand - Element(s) NOT Found: GAVE UP. Search Stop Time: 1501664744683
[ERROR - 2017-08-02T09:05:44.788Z] WebElementLocator - _handleLocateCommand - Element(s) NOT Found: GAVE UP. Search Stop Time: 1501664744783
[ERROR - 2017-08-02T09:05:44.995Z] WebElementLocator - _handleLocateCommand - Element(s) NOT Found: GAVE UP. Search Stop Time: 1501664744993
[ERROR - 2017-08-02T09:05:45.085Z] WebElementLocator - _handleLocateCommand - Element(s) NOT Found: GAVE UP. Search Stop Time: 1501664745083
[INFO  - 2017-08-02T09:05:45.308Z] ShutdownReqHand - _handle - About to shutdown
[INFO  - 2017-08-02T09:05:45.406Z] GhostDriver - Main - running on port 17426
[INFO  - 2017-08-02T09:05:45.417Z] Session [c4ba0d70-7761-11e7-8236-1dd3b36d04d1] - page.settings - {"XSSAuditingEnabled":false,"javascriptCanCloseWindows":true,"javascriptCanOpenWindows":true,"javascriptEnabled":true,"loadImages":true,"localToRemoteUrlAccessEnabled":false,"userAgent":"Mozilla/5.0 (Windows NT 6.0) AppleWebKit/535.1 (KHTML, like Gecko) Chrome/13.0.782.41 Safari/535.1","webSecurityEnabled":true}
[INFO  - 2017-08-02T09:05:45.417Z] Session [c4ba0d70-7761-11e7-8236-1dd3b36d04d1] - page.customHeaders:  - {}
[INFO  - 2017-08-02T09:05:45.417Z] Session [c4ba0d70-7761-11e7-8236-1dd3b36d04d1] - Session.negotiatedCapabilities - {"browserName":"phantomjs","version":"2.1.1","driverName":"ghostdriver","driverVersion":"1.2.0","platform":"linux-unknown-64bit","javascriptEnabled":true,"takesScreenshot":true,"handlesAlerts":false,"databaseEnabled":false,"locationContextEnabled":false,"applicationCacheEnabled":false,"browserConnectionEnabled":false,"cssSelectorsEnabled":true,"webStorageEnabled":false,"rotatable":false,"acceptSslCerts":false,"nativeEvents":true,"proxy":{"proxyType":"direct"},"phantomjs.page.settings.userAgent":"Mozilla/5.0 (Windows NT 6.0) AppleWebKit/535.1 (KHTML, like Gecko) Chrome/13.0.782.41 Safari/535.1"}
[INFO  - 2017-08-02T09:05:45.417Z] SessionManagerReqHand - _postNewSessionCommand - New Session Created: c4ba0d70-7761-11e7-8236-1dd3b36d04d1
[ERROR - 2017-08-02T09:05:58.354Z] WebElementLocator - _handleLocateCommand - Element(s) NOT Found: GAVE UP. Search Stop Time: 1501664758333
[ERROR - 2017-08-02T09:06:02.393Z] WebElementLocator - _handleLocateCommand - Element(s) NOT Found: GAVE UP. Search Stop Time: 1501664762361
[ERROR - 2017-08-02T09:06:03.741Z] WebElementLocator - _handleLocateCommand - Element(s) NOT Found: GAVE UP. Search Stop Time: 1501664763736
[ERROR - 2017-08-02T09:06:03.836Z] WebElementLocator - _handleLocateCommand - Element(s) NOT Found: GAVE UP. Search Stop Time: 1501664763831
[ERROR - 2017-08-02T09:06:04.047Z] WebElementLocator - _handleLocateCommand - Element(s) NOT Found: GAVE UP. Search Stop Time: 1501664764045
[ERROR - 2017-08-02T09:06:04.131Z] WebElementLocator - _handleLocateCommand - Element(s) NOT Found: GAVE UP. Search Stop Time: 1501664764129
[INFO  - 2017-08-02T09:06:14.080Z] ShutdownReqHand - _handle - About to shutdown
[INFO  - 2017-08-02T09:06:14.196Z] GhostDriver - Main - running on port 21790
[INFO  - 2017-08-02T09:06:14.273Z] Session [d5ed20f0-7761-11e7-bc58-0d16d63f1f06] - page.settings - {"XSSAuditingEnabled":false,"javascriptCanCloseWindows":true,"javascriptCanOpenWindows":true,"javascriptEnabled":true,"loadImages":true,"localToRemoteUrlAccessEnabled":false,"userAgent":"Mozilla/5.0 (Windows NT 6.0) AppleWebKit/535.1 (KHTML, like Gecko) Chrome/13.0.782.41 Safari/535.1","webSecurityEnabled":true}
[INFO  - 2017-08-02T09:06:14.274Z] Session [d5ed20f0-7761-11e7-bc58-0d16d63f1f06] - page.customHeaders:  - {}
[INFO  - 2017-08-02T09:06:14.274Z] Session [d5ed20f0-7761-11e7-bc58-0d16d63f1f06] - Session.negotiatedCapabilities - {"browserName":"phantomjs","version":"2.1.1","driverName":"ghostdriver","driverVersion":"1.2.0","platform":"linux-unknown-64bit","javascriptEnabled":true,"takesScreenshot":true,"handlesAlerts":false,"databaseEnabled":false,"locationContextEnabled":false,"applicationCacheEnabled":false,"browserConnectionEnabled":false,"cssSelectorsEnabled":true,"webStorageEnabled":false,"rotatable":false,"acceptSslCerts":false,"nativeEvents":true,"proxy":{"proxyType":"direct"},"phantomjs.page.settings.userAgent":"Mozilla/5.0 (Windows NT 6.0) AppleWebKit/535.1 (KHTML, like Gecko) Chrome/13.0.782.41 Safari/535.1"}
[INFO  - 2017-08-02T09:06:14.274Z] SessionManagerReqHand - _postNewSessionCommand - New Session Created: d5ed20f0-7761-11e7-bc58-0d16d63f1f06
[ERROR - 2017-08-02T09:06:29.170Z] WebElementLocator - _handleLocateCommand - Element(s) NOT Found: GAVE UP. Search Stop Time: 1501664789165
[ERROR - 2017-08-02T09:06:29.345Z] WebElementLocator - _handleLocateCommand - Element(s) NOT Found: GAVE UP. Search Stop Time: 1501664789341
[ERROR - 2017-08-02T09:06:29.635Z] WebElementLocator - _handleLocateCommand - Element(s) NOT Found: GAVE UP. Search Stop Time: 1501664789633
[ERROR - 2017-08-02T09:06:29.795Z] WebElementLocator - _handleLocateCommand - Element(s) NOT Found: GAVE UP. Search Stop Time: 1501664789793
[INFO  - 2017-08-02T09:06:43.700Z] ShutdownReqHand - _handle - About to shutdown
[INFO  - 2017-08-02T09:06:43.848Z] GhostDriver - Main - running on port 29054
[INFO  - 2017-08-02T09:06:43.862Z] Session [e78fe630-7761-11e7-bce2-01afaf425aa3] - page.settings - {"XSSAuditingEnabled":false,"javascriptCanCloseWindows":true,"javascriptCanOpenWindows":true,"javascriptEnabled":true,"loadImages":true,"localToRemoteUrlAccessEnabled":false,"userAgent":"Mozilla/5.0 (Windows NT 6.0) AppleWebKit/535.1 (KHTML, like Gecko) Chrome/13.0.782.41 Safari/535.1","webSecurityEnabled":true}
[INFO  - 2017-08-02T09:06:43.862Z] Session [e78fe630-7761-11e7-bce2-01afaf425aa3] - page.customHeaders:  - {}
[INFO  - 2017-08-02T09:06:43.862Z] Session [e78fe630-7761-11e7-bce2-01afaf425aa3] - Session.negotiatedCapabilities - {"browserName":"phantomjs","version":"2.1.1","driverName":"ghostdriver","driverVersion":"1.2.0","platform":"linux-unknown-64bit","javascriptEnabled":true,"takesScreenshot":true,"handlesAlerts":false,"databaseEnabled":false,"locationContextEnabled":false,"applicationCacheEnabled":false,"browserConnectionEnabled":false,"cssSelectorsEnabled":true,"webStorageEnabled":false,"rotatable":false,"acceptSslCerts":false,"nativeEvents":true,"proxy":{"proxyType":"direct"},"phantomjs.page.settings.userAgent":"Mozilla/5.0 (Windows NT 6.0) AppleWebKit/535.1 (KHTML, like Gecko) Chrome/13.0.782.41 Safari/535.1"}
[INFO  - 2017-08-02T09:06:43.862Z] SessionManagerReqHand - _postNewSessionCommand - New Session Created: e78fe630-7761-11e7-bce2-01afaf425aa3
[ERROR - 2017-08-02T09:06:52.029Z] WebElementLocator - _handleLocateCommand - Element(s) NOT Found: GAVE UP. Search Stop Time: 1501664812025
[ERROR - 2017-08-02T09:06:52.128Z] WebElementLocator - _handleLocateCommand - Element(s) NOT Found: GAVE UP. Search Stop Time: 1501664812124
[ERROR - 2017-08-02T09:06:52.460Z] WebElementLocator - _handleLocateCommand - Element(s) NOT Found: GAVE UP. Search Stop Time: 1501664812458
[ERROR - 2017-08-02T09:06:52.531Z] WebElementLocator - _handleLocateCommand - Element(s) NOT Found: GAVE UP. Search Stop Time: 1501664812529
[ERROR - 2017-08-02T09:06:55.917Z] WebElementLocator - _handleLocateCommand - Element(s) NOT Found: GAVE UP. Search Stop Time: 1501664815881
[ERROR - 2017-08-02T09:06:58.296Z] WebElementLocator - _handleLocateCommand - Element(s) NOT Found: GAVE UP. Search Stop Time: 1501664818260
[INFO  - 2017-08-02T09:07:06.828Z] ShutdownReqHand - _handle - About to shutdown
[INFO  - 2017-08-02T09:07:06.930Z] GhostDriver - Main - running on port 18211
[INFO  - 2017-08-02T09:07:06.945Z] Session [f55215e0-7761-11e7-b894-8b40efff20ef] - page.settings - {"XSSAuditingEnabled":false,"javascriptCanCloseWindows":true,"javascriptCanOpenWindows":true,"javascriptEnabled":true,"loadImages":true,"localToRemoteUrlAccessEnabled":false,"userAgent":"Mozilla/5.0 (Windows NT 6.0) AppleWebKit/535.1 (KHTML, like Gecko) Chrome/13.0.782.41 Safari/535.1","webSecurityEnabled":true}
[INFO  - 2017-08-02T09:07:06.945Z] Session [f55215e0-7761-11e7-b894-8b40efff20ef] - page.customHeaders:  - {}
[INFO  - 2017-08-02T09:07:06.945Z] Session [f55215e0-7761-11e7-b894-8b40efff20ef] - Session.negotiatedCapabilities - {"browserName":"phantomjs","version":"2.1.1","driverName":"ghostdriver","driverVersion":"1.2.0","platform":"linux-unknown-64bit","javascriptEnabled":true,"takesScreenshot":true,"handlesAlerts":false,"databaseEnabled":false,"locationContextEnabled":false,"applicationCacheEnabled":false,"browserConnectionEnabled":false,"cssSelectorsEnabled":true,"webStorageEnabled":false,"rotatable":false,"acceptSslCerts":false,"nativeEvents":true,"proxy":{"proxyType":"direct"},"phantomjs.page.settings.userAgent":"Mozilla/5.0 (Windows NT 6.0) AppleWebKit/535.1 (KHTML, like Gecko) Chrome/13.0.782.41 Safari/535.1"}
[INFO  - 2017-08-02T09:07:06.945Z] SessionManagerReqHand - _postNewSessionCommand - New Session Created: f55215e0-7761-11e7-b894-8b40efff20ef
[ERROR - 2017-08-02T09:09:14.102Z] WebElementLocator - _handleLocateCommand - Element(s) NOT Found: GAVE UP. Search Stop Time: 1501664954096
[ERROR - 2017-08-02T09:09:14.281Z] WebElementLocator - _handleLocateCommand - Element(s) NOT Found: GAVE UP. Search Stop Time: 1501664954276
[ERROR - 2017-08-02T09:09:14.579Z] WebElementLocator - _handleLocateCommand - Element(s) NOT Found: GAVE UP. Search Stop Time: 1501664954577
[ERROR - 2017-08-02T09:09:14.778Z] WebElementLocator - _handleLocateCommand - Element(s) NOT Found: GAVE UP. Search Stop Time: 1501664954776
[INFO  - 2017-08-02T09:09:19.540Z] ShutdownReqHand - _handle - About to shutdown
[INFO  - 2017-08-02T09:09:19.724Z] GhostDriver - Main - running on port 25768
[INFO  - 2017-08-02T09:09:19.732Z] Session [4477ed20-7762-11e7-a7b6-d329e9df0544] - page.settings - {"XSSAuditingEnabled":false,"javascriptCanCloseWindows":true,"javascriptCanOpenWindows":true,"javascriptEnabled":true,"loadImages":true,"localToRemoteUrlAccessEnabled":false,"userAgent":"Mozilla/5.0 (Windows NT 6.0) AppleWebKit/535.1 (KHTML, like Gecko) Chrome/13.0.782.41 Safari/535.1","webSecurityEnabled":true}
[INFO  - 2017-08-02T09:09:19.732Z] Session [4477ed20-7762-11e7-a7b6-d329e9df0544] - page.customHeaders:  - {}
[INFO  - 2017-08-02T09:09:19.732Z] Session [4477ed20-7762-11e7-a7b6-d329e9df0544] - Session.negotiatedCapabilities - {"browserName":"phantomjs","version":"2.1.1","driverName":"ghostdriver","driverVersion":"1.2.0","platform":"linux-unknown-64bit","javascriptEnabled":true,"takesScreenshot":true,"handlesAlerts":false,"databaseEnabled":false,"locationContextEnabled":false,"applicationCacheEnabled":false,"browserConnectionEnabled":false,"cssSelectorsEnabled":true,"webStorageEnabled":false,"rotatable":false,"acceptSslCerts":false,"nativeEvents":true,"proxy":{"proxyType":"direct"},"phantomjs.page.settings.userAgent":"Mozilla/5.0 (Windows NT 6.0) AppleWebKit/535.1 (KHTML, like Gecko) Chrome/13.0.782.41 Safari/535.1"}
[INFO  - 2017-08-02T09:09:19.732Z] SessionManagerReqHand - _postNewSessionCommand - New Session Created: 4477ed20-7762-11e7-a7b6-d329e9df0544
[INFO  - 2017-08-02T09:10:06.455Z] GhostDriver - Main - running on port 13402
[INFO  - 2017-08-02T09:10:06.626Z] Session [606b6200-7762-11e7-86aa-45a1cb5197b9] - page.settings - {"XSSAuditingEnabled":false,"javascriptCanCloseWindows":true,"javascriptCanOpenWindows":true,"javascriptEnabled":true,"loadImages":true,"localToRemoteUrlAccessEnabled":false,"userAgent":"Mozilla/5.0 (Windows NT 6.0) AppleWebKit/535.1 (KHTML, like Gecko) Chrome/13.0.782.41 Safari/535.1","webSecurityEnabled":true}
[INFO  - 2017-08-02T09:10:06.626Z] Session [606b6200-7762-11e7-86aa-45a1cb5197b9] - page.customHeaders:  - {}
[INFO  - 2017-08-02T09:10:06.626Z] Session [606b6200-7762-11e7-86aa-45a1cb5197b9] - Session.negotiatedCapabilities - {"browserName":"phantomjs","version":"2.1.1","driverName":"ghostdriver","driverVersion":"1.2.0","platform":"linux-unknown-64bit","javascriptEnabled":true,"takesScreenshot":true,"handlesAlerts":false,"databaseEnabled":false,"locationContextEnabled":false,"applicationCacheEnabled":false,"browserConnectionEnabled":false,"cssSelectorsEnabled":true,"webStorageEnabled":false,"rotatable":false,"acceptSslCerts":false,"nativeEvents":true,"proxy":{"proxyType":"direct"},"phantomjs.page.settings.userAgent":"Mozilla/5.0 (Windows NT 6.0) AppleWebKit/535.1 (KHTML, like Gecko) Chrome/13.0.782.41 Safari/535.1"}
[INFO  - 2017-08-02T09:10:06.626Z] SessionManagerReqHand - _postNewSessionCommand - New Session Created: 606b6200-7762-11e7-86aa-45a1cb5197b9
[ERROR - 2017-08-02T09:10:15.460Z] Session [606b6200-7762-11e7-86aa-45a1cb5197b9] - page.onError - msg: TypeError: undefined is not an object (evaluating 'aa.parentNode')
[ERROR - 2017-08-02T09:10:15.461Z] Session [606b6200-7762-11e7-86aa-45a1cb5197b9] - page.onError - stack:
  w (https://static.xx.fbcdn.net/rsrc.php/v3/yn/r/tC1D5PhweUO.js:3)
  (anonymous function) (https://static.xx.fbcdn.net/rsrc.php/v3/yn/r/tC1D5PhweUO.js:3)
  s (https://static.xx.fbcdn.net/rsrc.php/v3/yn/r/tC1D5PhweUO.js:3)
  (anonymous function) (https://static.xx.fbcdn.net/rsrc.php/v3/yn/r/tC1D5PhweUO.js:3)
  appendChild (:0)
  v (https://static.xx.fbcdn.net/rsrc.php/v3/yn/r/tC1D5PhweUO.js:3)
  x (https://static.xx.fbcdn.net/rsrc.php/v3/yn/r/tC1D5PhweUO.js:3)
  (anonymous function) (https://static.xx.fbcdn.net/rsrc.php/v3/yn/r/tC1D5PhweUO.js:3)
  apply (:0)
  (anonymous function) (https://static.xx.fbcdn.net/rsrc.php/v3/yv/r/zKeFg72cSVZ.js:133)
  ha (https://static.xx.fbcdn.net/rsrc.php/v3/yv/r/zKeFg72cSVZ.js:46)
  na (https://static.xx.fbcdn.net/rsrc.php/v3/yv/r/zKeFg72cSVZ.js:95)
[ERROR - 2017-08-02T09:10:19.002Z] Session [606b6200-7762-11e7-86aa-45a1cb5197b9] - page.onError - msg: TypeError: undefined is not an object (evaluating 'ca.parentNode')
[ERROR - 2017-08-02T09:10:19.002Z] Session [606b6200-7762-11e7-86aa-45a1cb5197b9] - page.onError - stack:
  y (https://static.xx.fbcdn.net/rsrc.php/v3/yb/r/-JEQ4HCeAuT.js:3)
  (anonymous function) (https://static.xx.fbcdn.net/rsrc.php/v3/yb/r/-JEQ4HCeAuT.js:3)
  u (https://static.xx.fbcdn.net/rsrc.php/v3/yb/r/-JEQ4HCeAuT.js:3)
  (anonymous function) (https://static.xx.fbcdn.net/rsrc.php/v3/yb/r/-JEQ4HCeAuT.js:3)
  appendChild (:0)
  x (https://static.xx.fbcdn.net/rsrc.php/v3/yb/r/-JEQ4HCeAuT.js:3)
  z (https://static.xx.fbcdn.net/rsrc.php/v3/yb/r/-JEQ4HCeAuT.js:3)
  (anonymous function) (https://static.xx.fbcdn.net/rsrc.php/v3/yb/r/-JEQ4HCeAuT.js:3)
  apply (:0)
  (anonymous function) (https://static.xx.fbcdn.net/rsrc.php/v3/yI/r/8iCZ7wV8mjO.js:133)
  la (https://static.xx.fbcdn.net/rsrc.php/v3/yI/r/8iCZ7wV8mjO.js:46)
  ya (https://static.xx.fbcdn.net/rsrc.php/v3/yI/r/8iCZ7wV8mjO.js:95)
[ERROR - 2017-08-02T09:10:21.018Z] WebElementLocator - _handleLocateCommand - Element(s) NOT Found: GAVE UP. Search Stop Time: 1501665021013
[ERROR - 2017-08-02T09:10:21.110Z] WebElementLocator - _handleLocateCommand - Element(s) NOT Found: GAVE UP. Search Stop Time: 1501665021105
[ERROR - 2017-08-02T09:10:21.303Z] WebElementLocator - _handleLocateCommand - Element(s) NOT Found: GAVE UP. Search Stop Time: 1501665021301
[ERROR - 2017-08-02T09:10:21.370Z] WebElementLocator - _handleLocateCommand - Element(s) NOT Found: GAVE UP. Search Stop Time: 1501665021368
[ERROR - 2017-08-02T09:10:23.863Z] WebElementLocator - _handleLocateCommand - Element(s) NOT Found: GAVE UP. Search Stop Time: 1501665023811
[ERROR - 2017-08-02T09:10:29.201Z] WebElementLocator - _handleLocateCommand - Element(s) NOT Found: GAVE UP. Search Stop Time: 1501665029166
[INFO  - 2017-08-02T09:10:34.861Z] ShutdownReqHand - _handle - About to shutdown
[INFO  - 2017-08-02T09:10:34.971Z] GhostDriver - Main - running on port 14544
[INFO  - 2017-08-02T09:10:34.980Z] Session [7151dc20-7762-11e7-8610-1784fdb16eab] - page.settings - {"XSSAuditingEnabled":false,"javascriptCanCloseWindows":true,"javascriptCanOpenWindows":true,"javascriptEnabled":true,"loadImages":true,"localToRemoteUrlAccessEnabled":false,"userAgent":"Mozilla/5.0 (Windows NT 6.0) AppleWebKit/535.1 (KHTML, like Gecko) Chrome/13.0.782.41 Safari/535.1","webSecurityEnabled":true}
[INFO  - 2017-08-02T09:10:34.980Z] Session [7151dc20-7762-11e7-8610-1784fdb16eab] - page.customHeaders:  - {}
[INFO  - 2017-08-02T09:10:34.980Z] Session [7151dc20-7762-11e7-8610-1784fdb16eab] - Session.negotiatedCapabilities - {"browserName":"phantomjs","version":"2.1.1","driverName":"ghostdriver","driverVersion":"1.2.0","platform":"linux-unknown-64bit","javascriptEnabled":true,"takesScreenshot":true,"handlesAlerts":false,"databaseEnabled":false,"locationContextEnabled":false,"applicationCacheEnabled":false,"browserConnectionEnabled":false,"cssSelectorsEnabled":true,"webStorageEnabled":false,"rotatable":false,"acceptSslCerts":false,"nativeEvents":true,"proxy":{"proxyType":"direct"},"phantomjs.page.settings.userAgent":"Mozilla/5.0 (Windows NT 6.0) AppleWebKit/535.1 (KHTML, like Gecko) Chrome/13.0.782.41 Safari/535.1"}
[INFO  - 2017-08-02T09:10:34.980Z] SessionManagerReqHand - _postNewSessionCommand - New Session Created: 7151dc20-7762-11e7-8610-1784fdb16eab
[ERROR - 2017-08-02T09:10:47.693Z] WebElementLocator - _handleLocateCommand - Element(s) NOT Found: GAVE UP. Search Stop Time: 1501665047629
[ERROR - 2017-08-02T09:10:52.077Z] WebElementLocator - _handleLocateCommand - Element(s) NOT Found: GAVE UP. Search Stop Time: 1501665052041
[ERROR - 2017-08-02T09:10:53.512Z] WebElementLocator - _handleLocateCommand - Element(s) NOT Found: GAVE UP. Search Stop Time: 1501665053506
[ERROR - 2017-08-02T09:10:53.605Z] WebElementLocator - _handleLocateCommand - Element(s) NOT Found: GAVE UP. Search Stop Time: 1501665053599
[ERROR - 2017-08-02T09:10:53.811Z] WebElementLocator - _handleLocateCommand - Element(s) NOT Found: GAVE UP. Search Stop Time: 1501665053809
[ERROR - 2017-08-02T09:10:53.893Z] WebElementLocator - _handleLocateCommand - Element(s) NOT Found: GAVE UP. Search Stop Time: 1501665053891
[INFO  - 2017-08-02T09:11:02.364Z] ShutdownReqHand - _handle - About to shutdown
[INFO  - 2017-08-02T09:11:02.463Z] GhostDriver - Main - running on port 24705
[INFO  - 2017-08-02T09:11:02.478Z] Session [81b56aa0-7762-11e7-a68e-bbc8f8a4858a] - page.settings - {"XSSAuditingEnabled":false,"javascriptCanCloseWindows":true,"javascriptCanOpenWindows":true,"javascriptEnabled":true,"loadImages":true,"localToRemoteUrlAccessEnabled":false,"userAgent":"Mozilla/5.0 (Windows NT 6.0) AppleWebKit/535.1 (KHTML, like Gecko) Chrome/13.0.782.41 Safari/535.1","webSecurityEnabled":true}
[INFO  - 2017-08-02T09:11:02.478Z] Session [81b56aa0-7762-11e7-a68e-bbc8f8a4858a] - page.customHeaders:  - {}
[INFO  - 2017-08-02T09:11:02.478Z] Session [81b56aa0-7762-11e7-a68e-bbc8f8a4858a] - Session.negotiatedCapabilities - {"browserName":"phantomjs","version":"2.1.1","driverName":"ghostdriver","driverVersion":"1.2.0","platform":"linux-unknown-64bit","javascriptEnabled":true,"takesScreenshot":true,"handlesAlerts":false,"databaseEnabled":false,"locationContextEnabled":false,"applicationCacheEnabled":false,"browserConnectionEnabled":false,"cssSelectorsEnabled":true,"webStorageEnabled":false,"rotatable":false,"acceptSslCerts":false,"nativeEvents":true,"proxy":{"proxyType":"direct"},"phantomjs.page.settings.userAgent":"Mozilla/5.0 (Windows NT 6.0) AppleWebKit/535.1 (KHTML, like Gecko) Chrome/13.0.782.41 Safari/535.1"}
[INFO  - 2017-08-02T09:11:02.478Z] SessionManagerReqHand - _postNewSessionCommand - New Session Created: 81b56aa0-7762-11e7-a68e-bbc8f8a4858a
[ERROR - 2017-08-02T09:13:15.799Z] WebElementLocator - _handleLocateCommand - Element(s) NOT Found: GAVE UP. Search Stop Time: 1501665195793
[ERROR - 2017-08-02T09:13:16.075Z] WebElementLocator - _handleLocateCommand - Element(s) NOT Found: GAVE UP. Search Stop Time: 1501665196070
[ERROR - 2017-08-02T09:13:16.449Z] WebElementLocator - _handleLocateCommand - Element(s) NOT Found: GAVE UP. Search Stop Time: 1501665196444
[ERROR - 2017-08-02T09:13:16.780Z] WebElementLocator - _handleLocateCommand - Element(s) NOT Found: GAVE UP. Search Stop Time: 1501665196778
[INFO  - 2017-08-02T09:13:17.172Z] ShutdownReqHand - _handle - About to shutdown
[INFO  - 2017-08-02T09:13:17.298Z] GhostDriver - Main - running on port 8203
[INFO  - 2017-08-02T09:13:17.371Z] Session [d21cc290-7762-11e7-85a7-bff5e5ec5b07] - page.settings - {"XSSAuditingEnabled":false,"javascriptCanCloseWindows":true,"javascriptCanOpenWindows":true,"javascriptEnabled":true,"loadImages":true,"localToRemoteUrlAccessEnabled":false,"userAgent":"Mozilla/5.0 (Windows NT 6.0) AppleWebKit/535.1 (KHTML, like Gecko) Chrome/13.0.782.41 Safari/535.1","webSecurityEnabled":true}
[INFO  - 2017-08-02T09:13:17.371Z] Session [d21cc290-7762-11e7-85a7-bff5e5ec5b07] - page.customHeaders:  - {}
[INFO  - 2017-08-02T09:13:17.371Z] Session [d21cc290-7762-11e7-85a7-bff5e5ec5b07] - Session.negotiatedCapabilities - {"browserName":"phantomjs","version":"2.1.1","driverName":"ghostdriver","driverVersion":"1.2.0","platform":"linux-unknown-64bit","javascriptEnabled":true,"takesScreenshot":true,"handlesAlerts":false,"databaseEnabled":false,"locationContextEnabled":false,"applicationCacheEnabled":false,"browserConnectionEnabled":false,"cssSelectorsEnabled":true,"webStorageEnabled":false,"rotatable":false,"acceptSslCerts":false,"nativeEvents":true,"proxy":{"proxyType":"direct"},"phantomjs.page.settings.userAgent":"Mozilla/5.0 (Windows NT 6.0) AppleWebKit/535.1 (KHTML, like Gecko) Chrome/13.0.782.41 Safari/535.1"}
[INFO  - 2017-08-02T09:13:17.371Z] SessionManagerReqHand - _postNewSessionCommand - New Session Created: d21cc290-7762-11e7-85a7-bff5e5ec5b07
[ERROR - 2017-08-02T09:13:26.805Z] WebElementLocator - _handleLocateCommand - Element(s) NOT Found: GAVE UP. Search Stop Time: 1501665206801
[ERROR - 2017-08-02T09:13:26.993Z] WebElementLocator - _handleLocateCommand - Element(s) NOT Found: GAVE UP. Search Stop Time: 1501665206988
[ERROR - 2017-08-02T09:13:27.207Z] WebElementLocator - _handleLocateCommand - Element(s) NOT Found: GAVE UP. Search Stop Time: 1501665207205
[ERROR - 2017-08-02T09:13:27.341Z] WebElementLocator - _handleLocateCommand - Element(s) NOT Found: GAVE UP. Search Stop Time: 1501665207340
[ERROR - 2017-08-02T09:13:39.929Z] WebElementLocator - _handleLocateCommand - Element(s) NOT Found: GAVE UP. Search Stop Time: 1501665219908
[ERROR - 2017-08-02T09:13:42.164Z] WebElementLocator - _handleLocateCommand - Element(s) NOT Found: GAVE UP. Search Stop Time: 1501665222130
[INFO  - 2017-08-02T09:13:42.472Z] ShutdownReqHand - _handle - About to shutdown
[INFO  - 2017-08-02T09:13:42.573Z] GhostDriver - Main - running on port 31911
[INFO  - 2017-08-02T09:13:42.587Z] Session [e1246a90-7762-11e7-bbc7-fbd8ac6fe119] - page.settings - {"XSSAuditingEnabled":false,"javascriptCanCloseWindows":true,"javascriptCanOpenWindows":true,"javascriptEnabled":true,"loadImages":true,"localToRemoteUrlAccessEnabled":false,"userAgent":"Mozilla/5.0 (Windows NT 6.0) AppleWebKit/535.1 (KHTML, like Gecko) Chrome/13.0.782.41 Safari/535.1","webSecurityEnabled":true}
[INFO  - 2017-08-02T09:13:42.587Z] Session [e1246a90-7762-11e7-bbc7-fbd8ac6fe119] - page.customHeaders:  - {}
[INFO  - 2017-08-02T09:13:42.587Z] Session [e1246a90-7762-11e7-bbc7-fbd8ac6fe119] - Session.negotiatedCapabilities - {"browserName":"phantomjs","version":"2.1.1","driverName":"ghostdriver","driverVersion":"1.2.0","platform":"linux-unknown-64bit","javascriptEnabled":true,"takesScreenshot":true,"handlesAlerts":false,"databaseEnabled":false,"locationContextEnabled":false,"applicationCacheEnabled":false,"browserConnectionEnabled":false,"cssSelectorsEnabled":true,"webStorageEnabled":false,"rotatable":false,"acceptSslCerts":false,"nativeEvents":true,"proxy":{"proxyType":"direct"},"phantomjs.page.settings.userAgent":"Mozilla/5.0 (Windows NT 6.0) AppleWebKit/535.1 (KHTML, like Gecko) Chrome/13.0.782.41 Safari/535.1"}
[INFO  - 2017-08-02T09:13:42.587Z] SessionManagerReqHand - _postNewSessionCommand - New Session Created: e1246a90-7762-11e7-bbc7-fbd8ac6fe119
[INFO  - 2017-08-02T09:16:18.498Z] GhostDriver - Main - running on port 1465
[INFO  - 2017-08-02T09:16:18.659Z] Session [3e2af600-7763-11e7-99eb-65d60f8d7abe] - page.settings - {"XSSAuditingEnabled":false,"javascriptCanCloseWindows":true,"javascriptCanOpenWindows":true,"javascriptEnabled":true,"loadImages":true,"localToRemoteUrlAccessEnabled":false,"userAgent":"Mozilla/5.0 (Windows NT 6.0) AppleWebKit/535.1 (KHTML, like Gecko) Chrome/13.0.782.41 Safari/535.1","webSecurityEnabled":true}
[INFO  - 2017-08-02T09:16:18.659Z] Session [3e2af600-7763-11e7-99eb-65d60f8d7abe] - page.customHeaders:  - {}
[INFO  - 2017-08-02T09:16:18.660Z] Session [3e2af600-7763-11e7-99eb-65d60f8d7abe] - Session.negotiatedCapabilities - {"browserName":"phantomjs","version":"2.1.1","driverName":"ghostdriver","driverVersion":"1.2.0","platform":"linux-unknown-64bit","javascriptEnabled":true,"takesScreenshot":true,"handlesAlerts":false,"databaseEnabled":false,"locationContextEnabled":false,"applicationCacheEnabled":false,"browserConnectionEnabled":false,"cssSelectorsEnabled":true,"webStorageEnabled":false,"rotatable":false,"acceptSslCerts":false,"nativeEvents":true,"proxy":{"proxyType":"direct"},"phantomjs.page.settings.userAgent":"Mozilla/5.0 (Windows NT 6.0) AppleWebKit/535.1 (KHTML, like Gecko) Chrome/13.0.782.41 Safari/535.1"}
[INFO  - 2017-08-02T09:16:18.660Z] SessionManagerReqHand - _postNewSessionCommand - New Session Created: 3e2af600-7763-11e7-99eb-65d60f8d7abe
[ERROR - 2017-08-02T09:16:30.192Z] WebElementLocator - _handleLocateCommand - Element(s) NOT Found: GAVE UP. Search Stop Time: 1501665390165
[ERROR - 2017-08-02T09:16:32.646Z] WebElementLocator - _handleLocateCommand - Element(s) NOT Found: GAVE UP. Search Stop Time: 1501665392599
[ERROR - 2017-08-02T09:16:43.294Z] WebElementLocator - _handleLocateCommand - Element(s) NOT Found: GAVE UP. Search Stop Time: 1501665403289
[ERROR - 2017-08-02T09:16:43.436Z] WebElementLocator - _handleLocateCommand - Element(s) NOT Found: GAVE UP. Search Stop Time: 1501665403430
[ERROR - 2017-08-02T09:16:43.755Z] WebElementLocator - _handleLocateCommand - Element(s) NOT Found: GAVE UP. Search Stop Time: 1501665403754
[ERROR - 2017-08-02T09:16:43.827Z] WebElementLocator - _handleLocateCommand - Element(s) NOT Found: GAVE UP. Search Stop Time: 1501665403825
[INFO  - 2017-08-02T09:16:44.066Z] ShutdownReqHand - _handle - About to shutdown
[INFO  - 2017-08-02T09:16:44.166Z] GhostDriver - Main - running on port 17705
[INFO  - 2017-08-02T09:16:44.182Z] Session [4d614f20-7763-11e7-9612-7382ac5a9a35] - page.settings - {"XSSAuditingEnabled":false,"javascriptCanCloseWindows":true,"javascriptCanOpenWindows":true,"javascriptEnabled":true,"loadImages":true,"localToRemoteUrlAccessEnabled":false,"userAgent":"Mozilla/5.0 (Windows NT 6.0) AppleWebKit/535.1 (KHTML, like Gecko) Chrome/13.0.782.41 Safari/535.1","webSecurityEnabled":true}
[INFO  - 2017-08-02T09:16:44.182Z] Session [4d614f20-7763-11e7-9612-7382ac5a9a35] - page.customHeaders:  - {}
[INFO  - 2017-08-02T09:16:44.182Z] Session [4d614f20-7763-11e7-9612-7382ac5a9a35] - Session.negotiatedCapabilities - {"browserName":"phantomjs","version":"2.1.1","driverName":"ghostdriver","driverVersion":"1.2.0","platform":"linux-unknown-64bit","javascriptEnabled":true,"takesScreenshot":true,"handlesAlerts":false,"databaseEnabled":false,"locationContextEnabled":false,"applicationCacheEnabled":false,"browserConnectionEnabled":false,"cssSelectorsEnabled":true,"webStorageEnabled":false,"rotatable":false,"acceptSslCerts":false,"nativeEvents":true,"proxy":{"proxyType":"direct"},"phantomjs.page.settings.userAgent":"Mozilla/5.0 (Windows NT 6.0) AppleWebKit/535.1 (KHTML, like Gecko) Chrome/13.0.782.41 Safari/535.1"}
[INFO  - 2017-08-02T09:16:44.182Z] SessionManagerReqHand - _postNewSessionCommand - New Session Created: 4d614f20-7763-11e7-9612-7382ac5a9a35
[ERROR - 2017-08-02T09:17:06.604Z] WebElementLocator - _handleLocateCommand - Element(s) NOT Found: GAVE UP. Search Stop Time: 1501665426569
[ERROR - 2017-08-02T09:17:08.905Z] WebElementLocator - _handleLocateCommand - Element(s) NOT Found: GAVE UP. Search Stop Time: 1501665428886
[ERROR - 2017-08-02T09:17:10.646Z] WebElementLocator - _handleLocateCommand - Element(s) NOT Found: GAVE UP. Search Stop Time: 1501665430641
[ERROR - 2017-08-02T09:17:10.799Z] WebElementLocator - _handleLocateCommand - Element(s) NOT Found: GAVE UP. Search Stop Time: 1501665430794
[ERROR - 2017-08-02T09:17:11.035Z] WebElementLocator - _handleLocateCommand - Element(s) NOT Found: GAVE UP. Search Stop Time: 1501665431033
[ERROR - 2017-08-02T09:17:11.115Z] WebElementLocator - _handleLocateCommand - Element(s) NOT Found: GAVE UP. Search Stop Time: 1501665431113
[INFO  - 2017-08-02T09:17:11.384Z] ShutdownReqHand - _handle - About to shutdown
[INFO  - 2017-08-02T09:17:11.539Z] GhostDriver - Main - running on port 7414
[INFO  - 2017-08-02T09:17:11.582Z] Session [5db637a0-7763-11e7-8a87-f9b9409cec8c] - page.settings - {"XSSAuditingEnabled":false,"javascriptCanCloseWindows":true,"javascriptCanOpenWindows":true,"javascriptEnabled":true,"loadImages":true,"localToRemoteUrlAccessEnabled":false,"userAgent":"Mozilla/5.0 (Windows NT 6.0) AppleWebKit/535.1 (KHTML, like Gecko) Chrome/13.0.782.41 Safari/535.1","webSecurityEnabled":true}
[INFO  - 2017-08-02T09:17:11.582Z] Session [5db637a0-7763-11e7-8a87-f9b9409cec8c] - page.customHeaders:  - {}
[INFO  - 2017-08-02T09:17:11.582Z] Session [5db637a0-7763-11e7-8a87-f9b9409cec8c] - Session.negotiatedCapabilities - {"browserName":"phantomjs","version":"2.1.1","driverName":"ghostdriver","driverVersion":"1.2.0","platform":"linux-unknown-64bit","javascriptEnabled":true,"takesScreenshot":true,"handlesAlerts":false,"databaseEnabled":false,"locationContextEnabled":false,"applicationCacheEnabled":false,"browserConnectionEnabled":false,"cssSelectorsEnabled":true,"webStorageEnabled":false,"rotatable":false,"acceptSslCerts":false,"nativeEvents":true,"proxy":{"proxyType":"direct"},"phantomjs.page.settings.userAgent":"Mozilla/5.0 (Windows NT 6.0) AppleWebKit/535.1 (KHTML, like Gecko) Chrome/13.0.782.41 Safari/535.1"}
[INFO  - 2017-08-02T09:17:11.583Z] SessionManagerReqHand - _postNewSessionCommand - New Session Created: 5db637a0-7763-11e7-8a87-f9b9409cec8c
[ERROR - 2017-08-02T09:17:31.794Z] WebElementLocator - _handleLocateCommand - Element(s) NOT Found: GAVE UP. Search Stop Time: 1501665451789
[INFO  - 2017-08-02T09:17:39.300Z] ShutdownReqHand - _handle - About to shutdown
[INFO  - 2017-08-02T09:17:39.444Z] GhostDriver - Main - running on port 21101
[INFO  - 2017-08-02T09:17:39.499Z] Session [6e5a0370-7763-11e7-9163-e916bd01afbb] - page.settings - {"XSSAuditingEnabled":false,"javascriptCanCloseWindows":true,"javascriptCanOpenWindows":true,"javascriptEnabled":true,"loadImages":true,"localToRemoteUrlAccessEnabled":false,"userAgent":"Mozilla/5.0 (Windows NT 6.0) AppleWebKit/535.1 (KHTML, like Gecko) Chrome/13.0.782.41 Safari/535.1","webSecurityEnabled":true}
[INFO  - 2017-08-02T09:17:39.499Z] Session [6e5a0370-7763-11e7-9163-e916bd01afbb] - page.customHeaders:  - {}
[INFO  - 2017-08-02T09:17:39.499Z] Session [6e5a0370-7763-11e7-9163-e916bd01afbb] - Session.negotiatedCapabilities - {"browserName":"phantomjs","version":"2.1.1","driverName":"ghostdriver","driverVersion":"1.2.0","platform":"linux-unknown-64bit","javascriptEnabled":true,"takesScreenshot":true,"handlesAlerts":false,"databaseEnabled":false,"locationContextEnabled":false,"applicationCacheEnabled":false,"browserConnectionEnabled":false,"cssSelectorsEnabled":true,"webStorageEnabled":false,"rotatable":false,"acceptSslCerts":false,"nativeEvents":true,"proxy":{"proxyType":"direct"},"phantomjs.page.settings.userAgent":"Mozilla/5.0 (Windows NT 6.0) AppleWebKit/535.1 (KHTML, like Gecko) Chrome/13.0.782.41 Safari/535.1"}
[INFO  - 2017-08-02T09:17:39.499Z] SessionManagerReqHand - _postNewSessionCommand - New Session Created: 6e5a0370-7763-11e7-9163-e916bd01afbb
